<?xml version="1.0" encoding="UTF-8"?>
<!-- Generated by org.testng.reporters.JUnitXMLReporter -->
<testsuite ignored="0" hostname="IN-PG0352C7" failures="0" tests="12" name="Default test" time="0.201" errors="0" timestamp="2024-03-29T20:55:06 IST">
  <testcase classname="test.AmazonHomePage_Test" name="@BeforeTest initializeDriver" time="-1.711725906627E9">
    <failure type="org.testng.TestNGException" message="
Parameter &amp;apos;browser&amp;apos; is required by BeforeTest on method initializeDriver but has not been marked @Optional or defined
in C:\Users\varunbajpai\AppData\Local\Temp\testng-eclipse-216285408\testng-customsuite.xml">
      <![CDATA[org.testng.TestNGException: 
Parameter 'browser' is required by BeforeTest on method initializeDriver but has not been marked @Optional or defined
in C:\Users\varunbajpai\AppData\Local\Temp\testng-eclipse-216285408\testng-customsuite.xml
at org.testng.internal.Parameters.createParams(Parameters.java:270)
at org.testng.internal.Parameters.createParametersForMethod(Parameters.java:358)
at org.testng.internal.Parameters.createParameters(Parameters.java:700)
at org.testng.internal.Parameters.createConfigurationParameters(Parameters.java:168)
at org.testng.internal.ConfigInvoker.invokeConfigurations(ConfigInvoker.java:302)
at org.testng.TestRunner.invokeTestConfigurations(TestRunner.java:637)
at org.testng.TestRunner.beforeRun(TestRunner.java:627)
at org.testng.TestRunner.run(TestRunner.java:589)
at org.testng.SuiteRunner.runTest(SuiteRunner.java:377)
at org.testng.SuiteRunner.runSequentially(SuiteRunner.java:371)
at org.testng.SuiteRunner.privateRun(SuiteRunner.java:332)
at org.testng.SuiteRunner.run(SuiteRunner.java:276)
at org.testng.SuiteRunnerWorker.runSuite(SuiteRunnerWorker.java:53)
at org.testng.SuiteRunnerWorker.run(SuiteRunnerWorker.java:96)
at org.testng.TestNG.runSuitesSequentially(TestNG.java:1212)
at org.testng.TestNG.runSuitesLocally(TestNG.java:1134)
at org.testng.TestNG.runSuites(TestNG.java:1063)
at org.testng.TestNG.run(TestNG.java:1031)
at org.testng.remote.AbstractRemoteTestNG.run(AbstractRemoteTestNG.java:115)
at org.testng.remote.RemoteTestNG.initAndRun(RemoteTestNG.java:251)
at org.testng.remote.RemoteTestNG.main(RemoteTestNG.java:77)
]]>
    </failure>
  </testcase> <!-- @BeforeTest initializeDriver -->
  <testcase classname="test.AmazonHomePage_Test" name="@AfterMethod getTestResult" time="-1.711725906707E9">
    <skipped/>
  </testcase> <!-- @AfterMethod getTestResult -->
  <testcase classname="test.AmazonHomePage_Test" name="@AfterMethod getTestResult" time="-1.711725906721E9">
    <skipped/>
  </testcase> <!-- @AfterMethod getTestResult -->
  <testcase classname="test.AmazonHomePage_Test" name="@AfterMethod getTestResult" time="-1.71172590673E9">
    <skipped/>
  </testcase> <!-- @AfterMethod getTestResult -->
  <testcase classname="test.AmazonHomePage_Test" name="@AfterMethod getTestResult" time="-1.71172590674E9">
    <skipped/>
  </testcase> <!-- @AfterMethod getTestResult -->
  <testcase classname="test.AmazonHomePage_Test" name="@AfterMethod getTestResult" time="-1.711725906751E9">
    <skipped/>
  </testcase> <!-- @AfterMethod getTestResult -->
  <testcase classname="test.AmazonHomePage_Test" name="@AfterMethod getTestResult" time="-1.711725906759E9">
    <skipped/>
  </testcase> <!-- @AfterMethod getTestResult -->
  <testcase classname="test.AmazonHomePage_Test" name="@AfterMethod getTestResult" time="-1.711725906767E9">
    <skipped/>
  </testcase> <!-- @AfterMethod getTestResult -->
  <testcase classname="test.AmazonHomePage_Test" name="@AfterMethod getTestResult" time="-1.711725906777E9">
    <skipped/>
  </testcase> <!-- @AfterMethod getTestResult -->
  <testcase classname="test.AmazonHomePage_Test" name="@AfterMethod getTestResult" time="-1.711725906787E9">
    <skipped/>
  </testcase> <!-- @AfterMethod getTestResult -->
  <testcase classname="test.AmazonHomePage_Test" name="@AfterMethod getTestResult" time="-1.711725906793E9">
    <skipped/>
  </testcase> <!-- @AfterMethod getTestResult -->
  <testcase classname="test.AmazonHomePage_Test" name="@AfterMethod getTestResult" time="-1.7117259068E9">
    <skipped/>
  </testcase> <!-- @AfterMethod getTestResult -->
  <testcase classname="test.AmazonHomePage_Test" name="@AfterMethod getTestResult" time="-1.711725906808E9">
    <skipped/>
  </testcase> <!-- @AfterMethod getTestResult -->
  <testcase classname="test.AmazonHomePage_Test" name="@AfterTest tearDownTest" time="-1.711725906812E9">
    <skipped/>
  </testcase> <!-- @AfterTest tearDownTest -->
  <testcase classname="test.AmazonHomePage_Test" name="getAmazonSite" time="0.0">
    <skipped/>
  </testcase> <!-- getAmazonSite -->
  <testcase classname="test.AmazonHomePage_Test" name="searchProduct" time="0.0">
    <skipped/>
  </testcase> <!-- searchProduct -->
  <testcase classname="test.AmazonHomePage_Test" name="selectProduct" time="0.0">
    <skipped/>
  </testcase> <!-- selectProduct -->
  <testcase classname="test.AmazonHomePage_Test" name="checkImagesOfProduct" time="0.0">
    <skipped/>
  </testcase> <!-- checkImagesOfProduct -->
  <testcase classname="test.AmazonHomePage_Test" name="addToCart" time="0.0">
    <skipped/>
  </testcase> <!-- addToCart -->
  <testcase classname="test.AmazonHomePage_Test" name="checkOutProduct" time="0.0">
    <skipped/>
  </testcase> <!-- checkOutProduct -->
  <testcase classname="test.AmazonHomePage_Test" name="checkCustomerServices" time="0.0">
    <skipped/>
  </testcase> <!-- checkCustomerServices -->
  <testcase classname="test.AmazonHomePage_Test" name="checkMyOrders" time="0.0">
    <skipped/>
  </testcase> <!-- checkMyOrders -->
  <testcase classname="test.AmazonHomePage_Test" name="changePinCode" time="0.0">
    <skipped/>
  </testcase> <!-- changePinCode -->
  <testcase classname="test.AmazonHomePage_Test" name="checkLogin" time="0.0">
    <skipped/>
  </testcase> <!-- checkLogin -->
  <testcase classname="test.AmazonHomePage_Test" name="checkSignUp" time="0.0">
    <skipped/>
  </testcase> <!-- checkSignUp -->
  <testcase classname="test.AmazonHomePage_Test" name="anotherIntentionalFailure" time="0.0">
    <skipped/>
  </testcase> <!-- anotherIntentionalFailure -->
</testsuite> <!-- Default test -->
