<?xml version="1.0" encoding="UTF-8"?>
<!-- Generated by org.testng.reporters.JUnitXMLReporter -->
<testsuite ignored="0" hostname="IN-PG0352C7" failures="4" tests="12" name="Test" time="61.171" errors="0" timestamp="2024-03-29T18:12:49 IST">
  <testcase classname="test.AmazonHomePage_Test" name="getAmazonSite" time="3.95"/>
  <testcase classname="test.AmazonHomePage_Test" name="searchProduct" time="6.414"/>
  <testcase classname="test.AmazonHomePage_Test" name="selectProduct" time="1.048"/>
  <testcase classname="test.AmazonHomePage_Test" name="checkImagesOfProduct" time="6.093"/>
  <testcase classname="test.AmazonHomePage_Test" name="addToCart" time="11.552"/>
  <testcase classname="test.AmazonHomePage_Test" name="checkOutProduct" time="10.108">
    <failure type="org.openqa.selenium.NoSuchElementException" message="no such element: Unable to locate element: {&amp;quot;method&amp;quot;:&amp;quot;xpath&amp;quot;,&amp;quot;selector&amp;quot;:&amp;quot;//*[@id=&amp;quot;attach-sidesheet-checkout-button&amp;quot;]/span/input&amp;quot;}
  (Session info: chrome=123.0.6312.86)
For documentation on this error, please visit: https://www.selenium.dev/documentation/webdriver/troubleshooting/errors#no-such-element-exception
Build info: version: &amp;apos;4.18.1&amp;apos;, revision: &amp;apos;b1d3319b48&amp;apos;
System info: os.name: &amp;apos;Windows 11&amp;apos;, os.arch: &amp;apos;amd64&amp;apos;, os.version: &amp;apos;10.0&amp;apos;, java.version: &amp;apos;17.0.10&amp;apos;
Driver info: org.openqa.selenium.chrome.ChromeDriver
Command: [37c9e4580049cc07ef9ee014b155db4c, findElement {value=//*[@id=&amp;quot;attach-sidesheet-checkout-button&amp;quot;]/span/input, using=xpath}]
Capabilities {acceptInsecureCerts: false, browserName: chrome, browserVersion: 123.0.6312.86, chrome: {chromedriverVersion: 122.0.6261.128 (f18a44fedeb..., userDataDir: C:\Users\VARUNB~1\AppData\L...}, fedcm:accounts: true, goog:chromeOptions: {debuggerAddress: localhost:54036}, networkConnectionEnabled: false, pageLoadStrategy: normal, platformName: windows, proxy: Proxy(), se:cdp: ws://localhost:54036/devtoo..., se:cdpVersion: 123.0.6312.86, setWindowRect: true, strictFileInteractability: false, timeouts: {implicit: 0, pageLoad: 300000, script: 30000}, unhandledPromptBehavior: dismiss and notify, webauthn:extension:credBlob: true, webauthn:extension:largeBlob: true, webauthn:extension:minPinLength: true, webauthn:extension:prf: true, webauthn:virtualAuthenticators: true}
Session ID: 37c9e4580049cc07ef9ee014b155db4c">
      <![CDATA[org.openqa.selenium.NoSuchElementException: no such element: Unable to locate element: {"method":"xpath","selector":"//*[@id="attach-sidesheet-checkout-button"]/span/input"}
  (Session info: chrome=123.0.6312.86)
For documentation on this error, please visit: https://www.selenium.dev/documentation/webdriver/troubleshooting/errors#no-such-element-exception
Build info: version: '4.18.1', revision: 'b1d3319b48'
System info: os.name: 'Windows 11', os.arch: 'amd64', os.version: '10.0', java.version: '17.0.10'
Driver info: org.openqa.selenium.chrome.ChromeDriver
Command: [37c9e4580049cc07ef9ee014b155db4c, findElement {value=//*[@id="attach-sidesheet-checkout-button"]/span/input, using=xpath}]
Capabilities {acceptInsecureCerts: false, browserName: chrome, browserVersion: 123.0.6312.86, chrome: {chromedriverVersion: 122.0.6261.128 (f18a44fedeb..., userDataDir: C:\Users\VARUNB~1\AppData\L...}, fedcm:accounts: true, goog:chromeOptions: {debuggerAddress: localhost:54036}, networkConnectionEnabled: false, pageLoadStrategy: normal, platformName: windows, proxy: Proxy(), se:cdp: ws://localhost:54036/devtoo..., se:cdpVersion: 123.0.6312.86, setWindowRect: true, strictFileInteractability: false, timeouts: {implicit: 0, pageLoad: 300000, script: 30000}, unhandledPromptBehavior: dismiss and notify, webauthn:extension:credBlob: true, webauthn:extension:largeBlob: true, webauthn:extension:minPinLength: true, webauthn:extension:prf: true, webauthn:virtualAuthenticators: true}
Session ID: 37c9e4580049cc07ef9ee014b155db4c
at org.openqa.selenium.remote.ErrorCodec.decode(ErrorCodec.java:167)
at org.openqa.selenium.remote.codec.w3c.W3CHttpResponseCodec.decode(W3CHttpResponseCodec.java:138)
at org.openqa.selenium.remote.codec.w3c.W3CHttpResponseCodec.decode(W3CHttpResponseCodec.java:50)
at org.openqa.selenium.remote.HttpCommandExecutor.execute(HttpCommandExecutor.java:190)
at org.openqa.selenium.remote.service.DriverCommandExecutor.invokeExecute(DriverCommandExecutor.java:216)
at org.openqa.selenium.remote.service.DriverCommandExecutor.execute(DriverCommandExecutor.java:174)
at org.openqa.selenium.remote.RemoteWebDriver.execute(RemoteWebDriver.java:519)
at org.openqa.selenium.remote.ElementLocation$ElementFinder$2.findElement(ElementLocation.java:165)
at org.openqa.selenium.remote.ElementLocation.findElement(ElementLocation.java:59)
at org.openqa.selenium.remote.RemoteWebDriver.findElement(RemoteWebDriver.java:356)
at org.openqa.selenium.remote.RemoteWebDriver.findElement(RemoteWebDriver.java:350)
at org.openqa.selenium.support.pagefactory.DefaultElementLocator.findElement(DefaultElementLocator.java:68)
at org.openqa.selenium.support.pagefactory.internal.LocatingElementHandler.invoke(LocatingElementHandler.java:38)
at jdk.proxy2/jdk.proxy2.$Proxy27.sendKeys(Unknown Source)
at pages.AmazonCheckoutProduct.clickOnCheckOutButton(AmazonCheckoutProduct.java:23)
at test.AmazonHomePage_Test.checkOutProduct(AmazonHomePage_Test.java:122)
at java.base/java.util.ArrayList.forEach(ArrayList.java:1511)
... Removed 32 stack frames]]>
    </failure>
  </testcase> <!-- checkOutProduct -->
  <testcase classname="test.AmazonHomePage_Test" name="checkCustomerServices" time="3.79"/>
  <testcase classname="test.AmazonHomePage_Test" name="checkMyOrders" time="2.267"/>
  <testcase classname="test.AmazonHomePage_Test" name="changePinCode" time="3.419"/>
  <testcase classname="test.AmazonHomePage_Test" name="checkLogin" time="1.556">
    <failure type="java.lang.AssertionError" message="Wrong credentials entered expected [true] but found [false]">
      <![CDATA[java.lang.AssertionError: Wrong credentials entered expected [true] but found [false]
at test.AmazonHomePage_Test.checkLogin(AmazonHomePage_Test.java:169)
at java.base/java.util.ArrayList.forEach(ArrayList.java:1511)
... Removed 30 stack frames]]>
    </failure>
  </testcase> <!-- checkLogin -->
  <testcase classname="test.AmazonHomePage_Test" name="checkSignUp" time="0.961">
    <failure type="java.lang.AssertionError" message="Credentials entered but didn&amp;apos;t proceed expected [true] but found [false]">
      <![CDATA[java.lang.AssertionError: Credentials entered but didn't proceed expected [true] but found [false]
at test.AmazonHomePage_Test.checkSignUp(AmazonHomePage_Test.java:185)
at java.base/java.util.ArrayList.forEach(ArrayList.java:1511)
... Removed 30 stack frames]]>
    </failure>
  </testcase> <!-- checkSignUp -->
  <testcase classname="test.AmazonHomePage_Test" name="anotherIntentionalFailure" time="0.002">
    <failure type="java.lang.AssertionError" message="Intentionally failing test case expected [true] but found [false]">
      <![CDATA[java.lang.AssertionError: Intentionally failing test case expected [true] but found [false]
at test.AmazonHomePage_Test.anotherIntentionalFailure(AmazonHomePage_Test.java:191)
at java.base/java.util.ArrayList.forEach(ArrayList.java:1511)
... Removed 30 stack frames]]>
    </failure>
  </testcase> <!-- anotherIntentionalFailure -->
</testsuite> <!-- Test -->
